#
# A fatal error has been detected by the Java Runtime Environment:
#
#  EXCEPTION_ACCESS_VIOLATION (0xc0000005) at pc=0x0000000000000000, pid=9968, tid=7264
#
# JRE version: Java(TM) SE Runtime Environment (8.0_25-b18) (build 1.8.0_25-b18)
# Java VM: Java HotSpot(TM) 64-Bit Server VM (25.25-b02 mixed mode windows-amd64 compressed oops)
# Problematic frame:
# C  0x0000000000000000
#
# Failed to write core dump. Minidumps are not enabled by default on client versions of Windows
#
# If you would like to submit a bug report, please visit:
#   http://bugreport.sun.com/bugreport/crash.jsp
#

---------------  T H R E A D  ---------------

Current thread (0x000000000c0b4800):  JavaThread "JDWP Transport Listener: dt_socket" daemon [_thread_in_vm, id=7264, stack(0x000000000c4b0000,0x000000000c5b0000)]

siginfo: ExceptionCode=0xc0000005, ExceptionInformation=0x0000000000000008 0x0000000000000000

Registers:
RAX=0x000000000c5af201, RBX=0x000000000ab9b3d8, RCX=0x000000000ab9b3d8, RDX=0x000000000a5d8690
RSP=0x000000000c5af298, RBP=0x000000000c2ba100, RSI=0x000000000c5af3b8, RDI=0x0000000002b597c0
R8 =0x000000000c0b4800, R9 =0x000000000c3861f0, R10=0x00007ffbded00000, R11=0x000000000c2591fb
R12=0x0000000000000000, R13=0x000000000c0b1cf8, R14=0x0000000000000000, R15=0x0000000000000000
RIP=0x0000000000000000, EFLAGS=0x0000000000010202

Top of Stack: (sp=0x000000000c5af298)
0x000000000c5af298:   000000005a50a3dc 000000000c0b4800
0x000000000c5af2a8:   000000000c0b4800 000000000c5af368
0x000000000c5af2b8:   000000005a7078db 000000000c0b4800
0x000000000c5af2c8:   000000005a72413d 0000000000000000
0x000000000c5af2d8:   000000005a119149 000000000ab9b3c0
0x000000000c5af2e8:   000000005a122912 000000000c0b4800
0x000000000c5af2f8:   0000000000000000 0000000000000000
0x000000000c5af308:   0000000000000000 000000000c2ba100
0x000000000c5af318:   000000005a121a09 000000000c5af3b8
0x000000000c5af328:   000000000c5af390 0000000000000001
0x000000000c5af338:   000000000ab9b3c0 000000000c2ba100
0x000000000c5af348:   000000005a1053b3 000000000c5af480
0x000000000c5af358:   0000000000000001 0000000000000001
0x000000000c5af368:   000000000ab9b3c0 000000000000000a
0x000000000c5af378:   0000000000000000 0000000000000000
0x000000000c5af388:   0000000000000000 0000000000000001 

Instructions: (pc=0x0000000000000000)
0xffffffffffffffe0:   


Register to memory mapping:

RAX=0x000000000c5af201 is pointing into the stack for thread: 0x000000000c0b4800
RBX=0x000000000ab9b3d8 is an unknown value
RCX=0x000000000ab9b3d8 is an unknown value
RDX={method} {0x000000000a5d8698} 'getNoAuthIP' '(LflashGetter/util/FTPAddressParser$FTPInfo;Ljava/lang/String;)Ljava/lang/String;' in 'flashGetter/util/FTPAddressParser'
RSP=0x000000000c5af298 is pointing into the stack for thread: 0x000000000c0b4800
RBP=0x000000000c2ba100 is an unknown value
RSI=0x000000000c5af3b8 is pointing into the stack for thread: 0x000000000c0b4800
RDI=0x0000000002b597c0 is an unknown value
R8 =0x000000000c0b4800 is a thread
R9 =0x000000000c3861f0 is an unknown value
R10=0x00007ffbded00000 is an unknown value
R11=0x000000000c2591fb is an unknown value
R12=0x0000000000000000 is an unknown value
R13=0x000000000c0b1cf8 is an unknown value
R14=0x0000000000000000 is an unknown value
R15=0x0000000000000000 is an unknown value


Stack: [0x000000000c4b0000,0x000000000c5b0000],  sp=0x000000000c5af298,  free space=1020k
Native frames: (J=compiled Java code, j=interpreted, Vv=VM code, C=native code)


---------------  P R O C E S S  ---------------

Java Threads: ( => current thread )
  0x000000000c14d800 JavaThread "Service Thread" daemon [_thread_blocked, id=9380, stack(0x000000000cab0000,0x000000000cbb0000)]
  0x000000000c0da000 JavaThread "C1 CompilerThread2" daemon [_thread_blocked, id=6072, stack(0x000000000c9b0000,0x000000000cab0000)]
  0x000000000c0d5000 JavaThread "C2 CompilerThread1" daemon [_thread_blocked, id=8840, stack(0x000000000c8b0000,0x000000000c9b0000)]
  0x000000000c0cf000 JavaThread "C2 CompilerThread0" daemon [_thread_blocked, id=10144, stack(0x000000000c7b0000,0x000000000c8b0000)]
  0x000000000c0c1800 JavaThread "JDWP Command Reader" daemon [_thread_in_native, id=9496, stack(0x000000000c6b0000,0x000000000c7b0000)]
  0x000000000c0be000 JavaThread "JDWP Event Helper Thread" daemon [_thread_blocked, id=6812, stack(0x000000000c5b0000,0x000000000c6b0000)]
=>0x000000000c0b4800 JavaThread "JDWP Transport Listener: dt_socket" daemon [_thread_in_vm, id=7264, stack(0x000000000c4b0000,0x000000000c5b0000)]
  0x000000000ab99000 JavaThread "Attach Listener" daemon [_thread_blocked, id=8964, stack(0x000000000bfb0000,0x000000000c0b0000)]
  0x000000000ab98800 JavaThread "Signal Dispatcher" daemon [_thread_blocked, id=8764, stack(0x000000000beb0000,0x000000000bfb0000)]
  0x0000000002c53000 JavaThread "Finalizer" daemon [_thread_blocked, id=9400, stack(0x000000000bdb0000,0x000000000beb0000)]
  0x0000000002c49000 JavaThread "Reference Handler" daemon [_thread_blocked, id=7852, stack(0x000000000bcb0000,0x000000000bdb0000)]
  0x0000000002b5e000 JavaThread "main" [_thread_blocked, id=5584, stack(0x0000000002970000,0x0000000002a70000)]

Other Threads:
  0x000000000ab05000 VMThread [stack: 0x000000000bbb0000,0x000000000bcb0000] [id=6640]
  0x000000000c158800 WatcherThread [stack: 0x000000000cbb0000,0x000000000ccb0000] [id=7296]

VM state:not at safepoint (normal execution)

VM Mutex/Monitor currently owned by a thread: None

Heap:
 PSYoungGen      total 56320K, used 5837K [0x0000000781780000, 0x0000000785600000, 0x00000007c0000000)
  eden space 48640K, 12% used [0x0000000781780000,0x0000000781d33480,0x0000000784700000)
  from space 7680K, 0% used [0x0000000784e80000,0x0000000784e80000,0x0000000785600000)
  to   space 7680K, 0% used [0x0000000784700000,0x0000000784700000,0x0000000784e80000)
 ParOldGen       total 128512K, used 0K [0x0000000704600000, 0x000000070c380000, 0x0000000781780000)
  object space 128512K, 0% used [0x0000000704600000,0x0000000704600000,0x000000070c380000)
 Metaspace       used 3679K, capacity 4798K, committed 5120K, reserved 1056768K
  class space    used 426K, capacity 430K, committed 512K, reserved 1048576K

Card table byte_map: [0x0000000003020000,0x0000000003600000] byte_map_base: 0xffffffffff7fd000

Marking Bits: (ParMarkBitMap*) 0x000000005abcd490
 Begin Bits: [0x0000000003df0000, 0x0000000006cd8000)
 End Bits:   [0x0000000006cd8000, 0x0000000009bc0000)

Polling page: 0x0000000002620000

CodeCache: size=245760Kb used=1390Kb max_used=1392Kb free=244369Kb
 bounds [0x000000000f010000, 0x000000000f280000, 0x000000001e010000]
 total_blobs=394 nmethods=156 adapters=160
 compilation: enabled

Compilation events (10 events):
Event: 0.343 Thread 0x000000000c0da000  152       1       sun.util.calendar.CalendarDate::getMinutes (5 bytes)
Event: 0.343 Thread 0x000000000c0da000 nmethod 152 0x000000000f168fd0 code [0x000000000f169120, 0x000000000f169230]
Event: 0.343 Thread 0x000000000c0da000  153       1       sun.util.calendar.CalendarDate::getSeconds (5 bytes)
Event: 0.343 Thread 0x000000000c0da000 nmethod 153 0x000000000f16c710 code [0x000000000f16c860, 0x000000000f16c970]
Event: 0.343 Thread 0x000000000c0da000  154       1       sun.util.calendar.CalendarDate::getMillis (5 bytes)
Event: 0.343 Thread 0x000000000c0da000 nmethod 154 0x000000000f16c450 code [0x000000000f16c5a0, 0x000000000f16c6b0]
Event: 0.343 Thread 0x000000000c0da000  155   !   3       java.lang.ref.ReferenceQueue::poll (28 bytes)
Event: 0.344 Thread 0x000000000c0da000 nmethod 155 0x000000000f16be10 code [0x000000000f16bf80, 0x000000000f16c328]
Event: 0.344 Thread 0x000000000c0da000  156       3       java.util.BitSet::checkInvariants (111 bytes)
Event: 0.345 Thread 0x000000000c0da000 nmethod 156 0x000000000f16bad0 code [0x000000000f16bc20, 0x000000000f16bdb0]

GC Heap History (0 events):
No events

Deoptimization events (0 events):
No events

Internal exceptions (10 events):
Event: 0.338 Thread 0x0000000002b5e000 Exception <a 'java/security/PrivilegedActionException'> (0x0000000781cd9158) thrown at [D:\re\workspace\8-2-build-windows-amd64-cygwin\jdk8u25\1677\hotspot\src\share\vm\prims\jvm.cpp, line 1312]
Event: 0.338 Thread 0x0000000002b5e000 Exception <a 'java/security/PrivilegedActionException'> (0x0000000781cd97e0) thrown at [D:\re\workspace\8-2-build-windows-amd64-cygwin\jdk8u25\1677\hotspot\src\share\vm\prims\jvm.cpp, line 1312]
Event: 0.338 Thread 0x0000000002b5e000 Exception <a 'java/security/PrivilegedActionException'> (0x0000000781cdb958) thrown at [D:\re\workspace\8-2-build-windows-amd64-cygwin\jdk8u25\1677\hotspot\src\share\vm\prims\jvm.cpp, line 1312]
Event: 0.338 Thread 0x0000000002b5e000 Exception <a 'java/lang/ClassNotFoundException': org/apache/log4j/PatternLayoutCustomizer> (0x0000000781cdbb88) thrown at [D:\re\workspace\8-2-build-windows-amd64-cygwin\jdk8u25\1677\hotspot\src\share\vm\classfile\systemDictionary.cpp, line 202]
Event: 0.340 Thread 0x0000000002b5e000 Exception <a 'java/security/PrivilegedActionException'> (0x0000000781ce4fa8) thrown at [D:\re\workspace\8-2-build-windows-amd64-cygwin\jdk8u25\1677\hotspot\src\share\vm\prims\jvm.cpp, line 1312]
Event: 0.341 Thread 0x0000000002b5e000 Exception <a 'java/security/PrivilegedActionException'> (0x0000000781ce9750) thrown at [D:\re\workspace\8-2-build-windows-amd64-cygwin\jdk8u25\1677\hotspot\src\share\vm\prims\jvm.cpp, line 1312]
Event: 0.342 Thread 0x0000000002b5e000 Exception <a 'java/security/PrivilegedActionException'> (0x0000000781ced920) thrown at [D:\re\workspace\8-2-build-windows-amd64-cygwin\jdk8u25\1677\hotspot\src\share\vm\prims\jvm.cpp, line 1312]
Event: 0.343 Thread 0x0000000002b5e000 Exception <a 'java/security/PrivilegedActionException'> (0x0000000781cf2840) thrown at [D:\re\workspace\8-2-build-windows-amd64-cygwin\jdk8u25\1677\hotspot\src\share\vm\prims\jvm.cpp, line 1312]
Event: 0.344 Thread 0x0000000002b5e000 Exception <a 'java/security/PrivilegedActionException'> (0x0000000781cf6690) thrown at [D:\re\workspace\8-2-build-windows-amd64-cygwin\jdk8u25\1677\hotspot\src\share\vm\prims\jvm.cpp, line 1312]
Event: 0.344 Thread 0x0000000002b5e000 Exception <a 'java/security/PrivilegedActionException'> (0x0000000781cf9be8) thrown at [D:\re\workspace\8-2-build-windows-amd64-cygwin\jdk8u25\1677\hotspot\src\share\vm\prims\jvm.cpp, line 1312]

Events (10 events):
Event: 233.041 Executing VM operation: GetCurrentLocation
Event: 233.041 Executing VM operation: GetCurrentLocation done
Event: 233.041 Executing VM operation: EnterInterpOnlyMode
Event: 233.041 Executing VM operation: EnterInterpOnlyMode done
Event: 233.041 Executing VM operation: ChangeSingleStep
Event: 233.041 Executing VM operation: ChangeSingleStep done
Event: 233.041 Executing VM operation: ChangeSingleStep
Event: 233.041 Executing VM operation: ChangeSingleStep done
Event: 233.046 Executing VM operation: RedefineClasses
Event: 233.047 Executing VM operation: RedefineClasses done


Dynamic libraries:
0x00007ff76bae0000 - 0x00007ff76bb14000 	D:\Program Files\Java\JDK8\bin\javaw.exe
0x00007ffbded00000 - 0x00007ffbdeea9000 	C:\Windows\SYSTEM32\ntdll.dll
0x00007ffbdcc20000 - 0x00007ffbdcd5a000 	C:\Windows\system32\KERNEL32.DLL
0x00007ffbdbfe0000 - 0x00007ffbdc0ef000 	C:\Windows\system32\KERNELBASE.dll
0x00007ffbdec50000 - 0x00007ffbdecf5000 	C:\Windows\system32\ADVAPI32.dll
0x00007ffbdc490000 - 0x00007ffbdc601000 	C:\Windows\system32\USER32.dll
0x00007ffbd9ee0000 - 0x00007ffbda13a000 	C:\Windows\WinSxS\amd64_microsoft.windows.common-controls_6595b64144ccf1df_6.0.9600.16384_none_62475f7becb72503\COMCTL32.dll
0x00007ffbde4d0000 - 0x00007ffbde577000 	C:\Windows\system32\msvcrt.dll
0x00007ffbdcdc0000 - 0x00007ffbdce17000 	C:\Windows\SYSTEM32\sechost.dll
0x00007ffbde740000 - 0x00007ffbde876000 	C:\Windows\system32\RPCRT4.dll
0x00007ffbdeb00000 - 0x00007ffbdec45000 	C:\Windows\system32\GDI32.dll
0x00007ffbde490000 - 0x00007ffbde4c4000 	C:\Windows\system32\IMM32.DLL
0x00007ffbdc610000 - 0x00007ffbdc749000 	C:\Windows\system32\MSCTF.dll
0x00007ffbdbc60000 - 0x00007ffbdbc91000 	C:\Windows\system32\nvinitx.dll
0x000000000f000000 - 0x000000000f006000 	C:\Program Files\NVIDIA Corporation\CoProcManager\_etoured.dll
0x00007ffbd9db0000 - 0x00007ffbd9de2000 	C:\Program Files\NVIDIA Corporation\CoProcManager\nvd3d9wrapx.dll
0x00007ffbdc2a0000 - 0x00007ffbdc476000 	C:\Windows\system32\SETUPAPI.dll
0x00007ffbdc140000 - 0x00007ffbdc18a000 	C:\Windows\system32\CFGMGR32.dll
0x00007ffbd9d80000 - 0x00007ffbd9da2000 	C:\Program Files\NVIDIA Corporation\CoProcManager\nvdxgiwrapx.dll
0x000000005a140000 - 0x000000005a212000 	D:\Program Files\Java\JDK8\bin\msvcr100.dll
0x000000005a3f0000 - 0x000000005ac4a000 	D:\Program Files\Java\JDK8\bin\server\jvm.dll
0x00007ffbd9110000 - 0x00007ffbd9119000 	C:\Windows\SYSTEM32\WSOCK32.dll
0x0000000000db0000 - 0x0000000000dcf000 	C:\Windows\system32\WINMM.dll
0x00007ffbdce20000 - 0x00007ffbdce27000 	C:\Windows\system32\PSAPI.DLL
0x00007ffbdcd60000 - 0x00007ffbdcdb8000 	C:\Windows\system32\WS2_32.dll
0x00007ffbdbd90000 - 0x00007ffbdbdba000 	C:\Windows\system32\WINMMBASE.dll
0x00007ffbdc480000 - 0x00007ffbdc489000 	C:\Windows\system32\NSI.dll
0x00007ffbdbd60000 - 0x00007ffbdbd86000 	C:\Windows\system32\DEVOBJ.dll
0x000000005a300000 - 0x000000005a30f000 	D:\Program Files\Java\JDK8\bin\verify.dll
0x000000005a2d0000 - 0x000000005a2f8000 	D:\Program Files\Java\JDK8\bin\java.dll
0x000000005a100000 - 0x000000005a135000 	D:\Program Files\Java\JDK8\bin\jdwp.dll
0x000000005a0f0000 - 0x000000005a0f8000 	D:\Program Files\Java\JDK8\bin\npt.dll
0x000000005a2b0000 - 0x000000005a2c6000 	D:\Program Files\Java\JDK8\bin\zip.dll
0x00007ffbdd080000 - 0x00007ffbde48e000 	C:\Windows\system32\SHELL32.dll
0x00007ffbdc750000 - 0x00007ffbdc927000 	C:\Windows\SYSTEM32\combase.dll
0x00007ffbdca80000 - 0x00007ffbdcad1000 	C:\Windows\system32\SHLWAPI.dll
0x00007ffbda8e0000 - 0x00007ffbda981000 	C:\Windows\SYSTEM32\SHCORE.dll
0x00007ffbdbcb0000 - 0x00007ffbdbcc4000 	C:\Windows\SYSTEM32\profapi.dll
0x000000005a0e0000 - 0x000000005a0e9000 	D:\Program Files\Java\JDK8\bin\dt_socket.dll
0x00007ffbcf7c0000 - 0x00007ffbcf7d4000 	C:\Windows\system32\napinsp.dll
0x00007ffbcf7a0000 - 0x00007ffbcf7b9000 	C:\Windows\system32\pnrpnsp.dll
0x00007ffbd69c0000 - 0x00007ffbd69d9000 	C:\Windows\system32\NLAapi.dll
0x00007ffbdb520000 - 0x00007ffbdb578000 	C:\Windows\System32\mswsock.dll
0x00007ffbdb330000 - 0x00007ffbdb3d3000 	C:\Windows\SYSTEM32\DNSAPI.dll
0x00007ffbcf7e0000 - 0x00007ffbcf7ec000 	C:\Windows\System32\winrnr.dll
0x00007ffbcf7f0000 - 0x00007ffbcf803000 	C:\Windows\system32\wshbth.dll
0x00007ffbd4430000 - 0x00007ffbd4497000 	C:\Windows\System32\fwpuclnt.dll
0x00007ffbcffe0000 - 0x00007ffbcffe9000 	C:\Windows\System32\rasadhlp.dll
0x00007ffbcd7a0000 - 0x00007ffbcd928000 	C:\Windows\SYSTEM32\dbghelp.dll

VM Arguments:
jvm_args: -agentlib:jdwp=transport=dt_socket,suspend=y,address=localhost:1970 -Dfile.encoding=utf-8 
java_command: flashGetter.URLTest
java_class_path (initial): D:\Work\WorkSpace\flashGetter\target\test-classes;D:\Work\WorkSpace\flashGetter\target\classes;D:\Program Files\Java\apache-maven-3.2.5\commons-net\commons-net\3.3\commons-net-3.3.jar;D:\Program Files\Java\apache-maven-3.2.5\log4j\log4j\1.2.17\log4j-1.2.17.jar;D:\Program Files\Java\apache-maven-3.2.5\com\github\insubstantial\substance\7.3\substance-7.3.jar;D:\Program Files\Java\apache-maven-3.2.5\com\github\insubstantial\trident\7.3\trident-7.3-swing.jar;D:\Program Files\Java\apache-maven-3.2.5\com\github\insubstantial\laf-plugin\7.3\laf-plugin-7.3.jar;D:\Program Files\Java\apache-maven-3.2.5\com\github\insubstantial\laf-widget\7.3\laf-widget-7.3.jar;D:\Program Files\Java\apache-maven-3.2.5\org\apache\commons\commons-lang3\3.3.2\commons-lang3-3.3.2.jar
Launcher Type: SUN_STANDARD

Environment Variables:
JAVA_HOME=D:\Program Files\Java\JDK8
CLASSPATH=.;D:\Program Files\Java\JDK8\lib\dt.jar;D:\Program Files\Java\JDK8\lib\tools.jar 
PATH=D:/Program Files/Java/JDK8/bin/server;D:/Program Files/Java/JDK8/bin;D:/Program Files/Java/JDK8/lib/amd64;C:\Program Files (x86)\NVIDIA Corporation\PhysX\Common;C:\Program Files (x86)\Intel\iCLS Client\;C:\Program Files\Intel\iCLS Client\;C:\Windows\system32;C:\Windows;C:\Windows\System32\Wbem;C:\Windows\System32\WindowsPowerShell\v1.0\;C:\Program Files\Intel\Intel(R) Management Engine Components\DAL;C:\Program Files (x86)\Intel\Intel(R) Management Engine Components\DAL;C:\Program Files\Intel\Intel(R) Management Engine Components\IPT;C:\Program Files (x86)\Intel\Intel(R) Management Engine Components\IPT;D:\Program Files\Java\apache-maven-3.2.5\bin;D:\Program Files\Java\JDK8\bin; D:\Program Files\Java\JDK8\jre\bin;D:\Program Files\Java\Eclipse\eclipse;
USERNAME=decaywood
OS=Windows_NT
PROCESSOR_IDENTIFIER=Intel64 Family 6 Model 69 Stepping 1, GenuineIntel



---------------  S Y S T E M  ---------------

OS: Windows 8.1 , 64 bit Build 9600 

CPU:total 4 (2 cores per cpu, 2 threads per core) family 6 model 69 stepping 1, cmov, cx8, fxsr, mmx, sse, sse2, sse3, ssse3, sse4.1, sse4.2, popcnt, avx, avx2, aes, clmul, erms, lzcnt, ht, tsc, tscinvbit, bmi1, bmi2

Memory: 4k page, physical 12295712k(8795556k free), swap 14196256k(9681004k free)

vm_info: Java HotSpot(TM) 64-Bit Server VM (25.25-b02) for windows-amd64 JRE (1.8.0_25-b18), built on Oct  7 2014 14:25:37 by "java_re" with MS VC++ 10.0 (VS2010)

time: Sat Feb 07 23:56:38 2015
elapsed time: 233 seconds (0d 0h 3m 53s)

