#
# A fatal error has been detected by the Java Runtime Environment:
#
#  EXCEPTION_ACCESS_VIOLATION (0xc0000005) at pc=0x000000005bb6a3c5, pid=3956, tid=3020
#
# JRE version: Java(TM) SE Runtime Environment (8.0_25-b18) (build 1.8.0_25-b18)
# Java VM: Java HotSpot(TM) 64-Bit Server VM (25.25-b02 mixed mode windows-amd64 compressed oops)
# Problematic frame:
# V  [jvm.dll+0x11a3c5]
#
# Failed to write core dump. Minidumps are not enabled by default on client versions of Windows
#
# If you would like to submit a bug report, please visit:
#   http://bugreport.sun.com/bugreport/crash.jsp
#

---------------  T H R E A D  ---------------

Current thread (0x000000000aade800):  JavaThread "JDWP Transport Listener: dt_socket" daemon [_thread_in_vm, id=3020, stack(0x000000000c3e0000,0x000000000c4e0000)]

siginfo: ExceptionCode=0xc0000005, reading address 0xffffffffffffffff

Registers:
RAX=0x000000000c4df701, RBX=0x000000000aade800, RCX=0x617261706d6f4365, RDX=0x0000000000000000
RSP=0x000000000c4df740, RBP=0x617261706d6f4365, RSI=0x000000000c4df858, RDI=0x00000000027a9db0
R8 =0x000000000aade800, R9 =0x000000000cf5e910, R10=0x00007ffb31640000, R11=0x000000000d2b762c
R12=0x0000000000000000, R13=0x000000000bfe47d8, R14=0x0000000000000000, R15=0x0000000000000000
RIP=0x000000005bb6a3c5, EFLAGS=0x0000000000010206

Top of Stack: (sp=0x000000000c4df740)
0x000000000c4df740:   000000000aade800 000000000aade800
0x000000000c4df750:   000000000c4df808 000000005bd678db
0x000000000c4df760:   000000000aade800 000000005bd8413d
0x000000000c4df770:   0000000000000000 000000005b799149
0x000000000c4df780:   000000000c1603a8 000000005b7a2912
0x000000000c4df790:   000000000aade800 0000000000000000
0x000000000c4df7a0:   0000000000000000 0000000000000000
0x000000000c4df7b0:   617261706d6f4365 000000005b7a1a09
0x000000000c4df7c0:   000000000c4df858 000000000c4df830
0x000000000c4df7d0:   0000000000000001 000000000c1603a8
0x000000000c4df7e0:   617261706d6f4365 000000005b7853b3
0x000000000c4df7f0:   000000000c4df920 0000000000000001
0x000000000c4df800:   0000000000000001 000000000c1603a8
0x000000000c4df810:   00000000f0001000 0000000000000000
0x000000000c4df820:   0000000000000000 0000000000000000
0x000000000c4df830:   0000000000000001 000000005b785571 

Instructions: (pc=0x000000005bb6a3c5)
0x000000005bb6a3a5:   cc cc cc cc cc cc cc cc cc cc cc 48 83 ec 28 48
0x000000005bb6a3b5:   85 c9 75 07 33 c0 48 83 c4 28 c3 48 89 5c 24 20
0x000000005bb6a3c5:   48 8b 19 48 85 db 74 20 48 83 fb 37 74 1a 48 8b
0x000000005bb6a3d5:   13 48 8b cb ff 52 10 84 c0 74 0d 48 8b c3 48 8b 


Register to memory mapping:

RAX=0x000000000c4df701 is pointing into the stack for thread: 0x000000000aade800
RBX=0x000000000aade800 is a thread
RCX=0x617261706d6f4365 is an unknown value
RDX=0x0000000000000000 is an unknown value
RSP=0x000000000c4df740 is pointing into the stack for thread: 0x000000000aade800
RBP=0x617261706d6f4365 is an unknown value
RSI=0x000000000c4df858 is pointing into the stack for thread: 0x000000000aade800
RDI=0x00000000027a9db0 is an unknown value
R8 =0x000000000aade800 is a thread
R9 =0x000000000cf5e910 is an unknown value
R10=0x00007ffb31640000 is an unknown value
R11=0x000000000d2b762c is an unknown value
R12=0x0000000000000000 is an unknown value
R13=0x000000000bfe47d8 is an unknown value
R14=0x0000000000000000 is an unknown value
R15=0x0000000000000000 is an unknown value


Stack: [0x000000000c3e0000,0x000000000c4e0000],  sp=0x000000000c4df740,  free space=1021k
Native frames: (J=compiled Java code, j=interpreted, Vv=VM code, C=native code)
V  [jvm.dll+0x11a3c5]
V  [jvm.dll+0x33413d]
C  [jdwp.dll+0x21a09]
C  [jdwp.dll+0x53b3]
C  [jdwp.dll+0x5571]
C  [jdwp.dll+0xf09c]
C  [jdwp.dll+0x1f2c9]
C  [jdwp.dll+0x1f49e]
V  [jvm.dll+0x1abba8]
V  [jvm.dll+0x22bde4]
V  [jvm.dll+0x2852fa]
C  [msvcr100.dll+0x21d9f]
C  [msvcr100.dll+0x21e3b]
C  [KERNEL32.DLL+0x1611]
C  [ntdll.dll+0x764ad]


---------------  P R O C E S S  ---------------

Java Threads: ( => current thread )
  0x000000000d0a9800 JavaThread "TimerQueue" daemon [_thread_blocked, id=9380, stack(0x0000000021250000,0x0000000021350000)]
  0x000000000d3c2800 JavaThread "D3D Screen Updater" daemon [_thread_blocked, id=8800, stack(0x000000001fc80000,0x000000001fd80000)]
  0x00000000027ae000 JavaThread "DestroyJavaVM" [_thread_blocked, id=4316, stack(0x00000000025f0000,0x00000000026f0000)]
  0x000000000cc51000 JavaThread "AWT-EventQueue-0" [_thread_blocked, id=4908, stack(0x000000000d8b0000,0x000000000d9b0000)]
  0x000000000cc46000 JavaThread "AWT-Windows" daemon [_thread_in_native, id=8700, stack(0x000000000d5e0000,0x000000000d6e0000)]
  0x000000000cc41800 JavaThread "AWT-Shutdown" [_thread_blocked, id=9188, stack(0x000000000d4e0000,0x000000000d5e0000)]
  0x000000000cc3c800 JavaThread "Java2D Disposer" daemon [_thread_blocked, id=8316, stack(0x000000000d3e0000,0x000000000d4e0000)]
  0x000000000c08f800 JavaThread "Service Thread" daemon [_thread_blocked, id=9428, stack(0x000000000c9e0000,0x000000000cae0000)]
  0x000000000c007000 JavaThread "C1 CompilerThread2" daemon [_thread_blocked, id=8368, stack(0x000000000c8e0000,0x000000000c9e0000)]
  0x000000000c006000 JavaThread "C2 CompilerThread1" daemon [_thread_blocked, id=9860, stack(0x000000000c7e0000,0x000000000c8e0000)]
  0x000000000c001000 JavaThread "C2 CompilerThread0" daemon [_thread_blocked, id=6208, stack(0x000000000c6e0000,0x000000000c7e0000)]
  0x000000000bff5000 JavaThread "JDWP Command Reader" daemon [_thread_in_native, id=8816, stack(0x000000000c5e0000,0x000000000c6e0000)]
  0x000000000bff1800 JavaThread "JDWP Event Helper Thread" daemon [_thread_blocked, id=5044, stack(0x000000000c4e0000,0x000000000c5e0000)]
=>0x000000000aade800 JavaThread "JDWP Transport Listener: dt_socket" daemon [_thread_in_vm, id=3020, stack(0x000000000c3e0000,0x000000000c4e0000)]
  0x000000000aad9800 JavaThread "Attach Listener" daemon [_thread_blocked, id=7424, stack(0x000000000bee0000,0x000000000bfe0000)]
  0x000000000aa8e000 JavaThread "Signal Dispatcher" daemon [_thread_blocked, id=9992, stack(0x000000000bde0000,0x000000000bee0000)]
  0x0000000002b93000 JavaThread "Finalizer" daemon [_thread_blocked, id=2860, stack(0x000000000bce0000,0x000000000bde0000)]
  0x0000000002b89800 JavaThread "Reference Handler" daemon [_thread_blocked, id=9612, stack(0x000000000bbe0000,0x000000000bce0000)]

Other Threads:
  0x000000000aa45800 VMThread [stack: 0x000000000bae0000,0x000000000bbe0000] [id=5944]
  0x000000000c093800 WatcherThread [stack: 0x000000000cae0000,0x000000000cbe0000] [id=9388]

VM state:not at safepoint (normal execution)

VM Mutex/Monitor currently owned by a thread: None

Heap:
 PSYoungGen      total 104960K, used 15371K [0x0000000781780000, 0x0000000788580000, 0x00000007c0000000)
  eden space 97280K, 10% used [0x0000000781780000,0x000000078215ae00,0x0000000787680000)
  from space 7680K, 68% used [0x0000000787e00000,0x0000000788328128,0x0000000788580000)
  to   space 7680K, 0% used [0x0000000787680000,0x0000000787680000,0x0000000787e00000)
 ParOldGen       total 128512K, used 59719K [0x0000000704600000, 0x000000070c380000, 0x0000000781780000)
  object space 128512K, 46% used [0x0000000704600000,0x0000000708051d10,0x000000070c380000)
 Metaspace       used 16903K, capacity 17106K, committed 17280K, reserved 1064960K
  class space    used 2330K, capacity 2402K, committed 2432K, reserved 1048576K

Card table byte_map: [0x0000000002f60000,0x0000000003540000] byte_map_base: 0xffffffffff73d000

Marking Bits: (ParMarkBitMap*) 0x000000005c22d490
 Begin Bits: [0x0000000003d30000, 0x0000000006c18000)
 End Bits:   [0x0000000006c18000, 0x0000000009b00000)

Polling page: 0x00000000009d0000

CodeCache: size=245760Kb used=5845Kb max_used=6063Kb free=239914Kb
 bounds [0x000000000f010000, 0x000000000f610000, 0x000000001e010000]
 total_blobs=2366 nmethods=1779 adapters=508
 compilation: enabled

Compilation events (10 events):
Event: 94.125 Thread 0x000000000c007000 1899       3       java.util.HashMap$Values::iterator (12 bytes)
Event: 94.126 Thread 0x000000000c007000 nmethod 1899 0x000000000f2733d0 code [0x000000000f273540, 0x000000000f2737c8]
Event: 94.126 Thread 0x000000000c007000 1900       3       java.util.HashMap$ValueIterator::<init> (11 bytes)
Event: 94.126 Thread 0x000000000c007000 nmethod 1900 0x000000000f35be10 code [0x000000000f35bf80, 0x000000000f35c148]
Event: 94.166 Thread 0x000000000c007000 1901       3       org.pushingpixels.trident.ease.Spline::map (104 bytes)
Event: 94.167 Thread 0x000000000c007000 nmethod 1901 0x000000000f27c110 code [0x000000000f27c320, 0x000000000f27cb38]
Event: 94.213 Thread 0x000000000c007000 1902       3       javax.swing.SwingUtilities::isEventDispatchThread (4 bytes)
Event: 94.214 Thread 0x000000000c007000 nmethod 1902 0x000000000f24d190 code [0x000000000f24d360, 0x000000000f24da78]
Event: 96.385 Thread 0x000000000c001000 1903   !   4       sun.awt.AWTAutoShutdown::setToolkitBusy (124 bytes)
Event: 96.403 Thread 0x000000000c001000 nmethod 1903 0x000000000f24b610 code [0x000000000f24b7a0, 0x000000000f24c1d8]

GC Heap History (4 events):
Event: 0.906 GC heap before
{Heap before GC invocations=1 (full 0):
 PSYoungGen      total 56320K, used 40849K [0x0000000781780000, 0x0000000785600000, 0x00000007c0000000)
  eden space 48640K, 83% used [0x0000000781780000,0x0000000783f64620,0x0000000784700000)
  from space 7680K, 0% used [0x0000000784e80000,0x0000000784e80000,0x0000000785600000)
  to   space 7680K, 0% used [0x0000000784700000,0x0000000784700000,0x0000000784e80000)
 ParOldGen       total 128512K, used 0K [0x0000000704600000, 0x000000070c380000, 0x0000000781780000)
  object space 128512K, 0% used [0x0000000704600000,0x0000000704600000,0x000000070c380000)
 Metaspace       used 8748K, capacity 8850K, committed 9088K, reserved 1056768K
  class space    used 1046K, capacity 1086K, committed 1152K, reserved 1048576K
Event: 0.936 GC heap after
Heap after GC invocations=1 (full 0):
 PSYoungGen      total 56320K, used 7673K [0x0000000781780000, 0x0000000788580000, 0x00000007c0000000)
  eden space 48640K, 0% used [0x0000000781780000,0x0000000781780000,0x0000000784700000)
  from space 7680K, 99% used [0x0000000784700000,0x0000000784e7e718,0x0000000784e80000)
  to   space 7680K, 0% used [0x0000000787e00000,0x0000000787e00000,0x0000000788580000)
 ParOldGen       total 128512K, used 32703K [0x0000000704600000, 0x000000070c380000, 0x0000000781780000)
  object space 128512K, 25% used [0x0000000704600000,0x00000007065efce0,0x000000070c380000)
 Metaspace       used 8748K, capacity 8850K, committed 9088K, reserved 1056768K
  class space    used 1046K, capacity 1086K, committed 1152K, reserved 1048576K
}
Event: 5.555 GC heap before
{Heap before GC invocations=2 (full 0):
 PSYoungGen      total 56320K, used 56313K [0x0000000781780000, 0x0000000788580000, 0x00000007c0000000)
  eden space 48640K, 100% used [0x0000000781780000,0x0000000784700000,0x0000000784700000)
  from space 7680K, 99% used [0x0000000784700000,0x0000000784e7e718,0x0000000784e80000)
  to   space 7680K, 0% used [0x0000000787e00000,0x0000000787e00000,0x0000000788580000)
 ParOldGen       total 128512K, used 32703K [0x0000000704600000, 0x000000070c380000, 0x0000000781780000)
  object space 128512K, 25% used [0x0000000704600000,0x00000007065efce0,0x000000070c380000)
 Metaspace       used 15573K, capacity 15716K, committed 16128K, reserved 1062912K
  class space    used 2187K, capacity 2241K, committed 2304K, reserved 1048576K
Event: 5.570 GC heap after
Heap after GC invocations=2 (full 0):
 PSYoungGen      total 104960K, used 5280K [0x0000000781780000, 0x0000000788580000, 0x00000007c0000000)
  eden space 97280K, 0% used [0x0000000781780000,0x0000000781780000,0x0000000787680000)
  from space 7680K, 68% used [0x0000000787e00000,0x0000000788328128,0x0000000788580000)
  to   space 7680K, 0% used [0x0000000787680000,0x0000000787680000,0x0000000787e00000)
 ParOldGen       total 128512K, used 59719K [0x0000000704600000, 0x000000070c380000, 0x0000000781780000)
  object space 128512K, 46% used [0x0000000704600000,0x0000000708051d10,0x000000070c380000)
 Metaspace       used 15573K, capacity 15716K, committed 16128K, reserved 1062912K
  class space    used 2187K, capacity 2241K, committed 2304K, reserved 1048576K
}

Deoptimization events (10 events):
Event: 1.454 Thread 0x000000000cc51000 Uncommon trap: reason=unreached action=reinterpret pc=0x000000000f24d90c method=sun.java2d.loops.RenderCache.get(Lsun/java2d/loops/SurfaceType;Lsun/java2d/loops/CompositeType;Lsun/java2d/loops/SurfaceType;)Ljava/lang/Object; @ 29
Event: 3.698 Thread 0x000000000cc51000 Uncommon trap: reason=unreached action=reinterpret pc=0x000000000f24ba98 method=sun.java2d.loops.RenderCache$Entry.matches(Lsun/java2d/loops/SurfaceType;Lsun/java2d/loops/CompositeType;Lsun/java2d/loops/SurfaceType;)Z @ 13
Event: 3.931 Thread 0x000000000cc46000 Uncommon trap: reason=class_check action=maybe_recompile pc=0x000000000f283148 method=java.util.HashMap.putVal(ILjava/lang/Object;Ljava/lang/Object;ZZ)Ljava/lang/Object; @ 203
Event: 3.931 Thread 0x000000000cc46000 Uncommon trap: reason=class_check action=maybe_recompile pc=0x000000000f2831a0 method=java.util.HashMap.putVal(ILjava/lang/Object;Ljava/lang/Object;ZZ)Ljava/lang/Object; @ 91
Event: 3.931 Thread 0x000000000cc46000 Uncommon trap: reason=class_check action=maybe_recompile pc=0x000000000f283148 method=java.util.HashMap.putVal(ILjava/lang/Object;Ljava/lang/Object;ZZ)Ljava/lang/Object; @ 203
Event: 3.931 Thread 0x000000000cc46000 Uncommon trap: reason=class_check action=maybe_recompile pc=0x000000000f283148 method=java.util.HashMap.putVal(ILjava/lang/Object;Ljava/lang/Object;ZZ)Ljava/lang/Object; @ 203
Event: 5.611 Thread 0x000000000cc23800 Uncommon trap: reason=bimorphic action=maybe_recompile pc=0x000000000f424a70 method=java.util.HashMap.putVal(ILjava/lang/Object;Ljava/lang/Object;ZZ)Ljava/lang/Object; @ 91
Event: 5.611 Thread 0x000000000cc23800 Uncommon trap: reason=bimorphic action=maybe_recompile pc=0x000000000f424a70 method=java.util.HashMap.putVal(ILjava/lang/Object;Ljava/lang/Object;ZZ)Ljava/lang/Object; @ 91
Event: 5.611 Thread 0x000000000cc23800 Uncommon trap: reason=bimorphic action=maybe_recompile pc=0x000000000f424a70 method=java.util.HashMap.putVal(ILjava/lang/Object;Ljava/lang/Object;ZZ)Ljava/lang/Object; @ 91
Event: 5.611 Thread 0x000000000cc23800 Uncommon trap: reason=bimorphic action=maybe_recompile pc=0x000000000f424a70 method=java.util.HashMap.putVal(ILjava/lang/Object;Ljava/lang/Object;ZZ)Ljava/lang/Object; @ 91

Internal exceptions (10 events):
Event: 8.883 Thread 0x000000000cc51000 Exception <a 'java/security/PrivilegedActionException'> (0x0000000781dcc0a0) thrown at [D:\re\workspace\8-2-build-windows-amd64-cygwin\jdk8u25\1677\hotspot\src\share\vm\prims\jvm.cpp, line 1312]
Event: 8.961 Thread 0x000000000cc51000 Exception <a 'java/security/PrivilegedActionException'> (0x0000000781de4080) thrown at [D:\re\workspace\8-2-build-windows-amd64-cygwin\jdk8u25\1677\hotspot\src\share\vm\prims\jvm.cpp, line 1312]
Event: 8.961 Thread 0x000000000cc51000 Exception <a 'java/security/PrivilegedActionException'> (0x0000000781de9c10) thrown at [D:\re\workspace\8-2-build-windows-amd64-cygwin\jdk8u25\1677\hotspot\src\share\vm\prims\jvm.cpp, line 1312]
Event: 8.962 Thread 0x000000000cc51000 Exception <a 'java/security/PrivilegedActionException'> (0x0000000781deea88) thrown at [D:\re\workspace\8-2-build-windows-amd64-cygwin\jdk8u25\1677\hotspot\src\share\vm\prims\jvm.cpp, line 1312]
Event: 8.962 Thread 0x000000000cc51000 Exception <a 'java/security/PrivilegedActionException'> (0x0000000781df45c0) thrown at [D:\re\workspace\8-2-build-windows-amd64-cygwin\jdk8u25\1677\hotspot\src\share\vm\prims\jvm.cpp, line 1312]
Event: 8.962 Thread 0x000000000cc51000 Exception <a 'java/security/PrivilegedActionException'> (0x0000000781dfb180) thrown at [D:\re\workspace\8-2-build-windows-amd64-cygwin\jdk8u25\1677\hotspot\src\share\vm\prims\jvm.cpp, line 1312]
Event: 8.963 Thread 0x000000000cc51000 Exception <a 'java/security/PrivilegedActionException'> (0x0000000781e01ef0) thrown at [D:\re\workspace\8-2-build-windows-amd64-cygwin\jdk8u25\1677\hotspot\src\share\vm\prims\jvm.cpp, line 1312]
Event: 8.963 Thread 0x000000000cc51000 Exception <a 'java/security/PrivilegedActionException'> (0x0000000781e078d0) thrown at [D:\re\workspace\8-2-build-windows-amd64-cygwin\jdk8u25\1677\hotspot\src\share\vm\prims\jvm.cpp, line 1312]
Event: 8.964 Thread 0x000000000cc51000 Exception <a 'java/security/PrivilegedActionException'> (0x0000000781e0d080) thrown at [D:\re\workspace\8-2-build-windows-amd64-cygwin\jdk8u25\1677\hotspot\src\share\vm\prims\jvm.cpp, line 1312]
Event: 8.979 Thread 0x000000000cc51000 Exception <a 'java/security/PrivilegedActionException'> (0x0000000781e1b438) thrown at [D:\re\workspace\8-2-build-windows-amd64-cygwin\jdk8u25\1677\hotspot\src\share\vm\prims\jvm.cpp, line 1312]

Events (10 events):
Event: 154.354 Executing VM operation: RevokeBias
Event: 154.354 Executing VM operation: RevokeBias done
Event: 154.355 Thread 0x000000000ce92000 Thread exited: 0x000000000ce92000
Event: 154.370 Executing VM operation: RevokeBias
Event: 154.370 Executing VM operation: RevokeBias done
Event: 154.370 Thread 0x000000000d042000 Thread exited: 0x000000000d042000
Event: 253.858 Executing VM operation: ChangeBreakpoints
Event: 253.858 Executing VM operation: ChangeBreakpoints done
Event: 253.881 Executing VM operation: RedefineClasses
Event: 253.899 Executing VM operation: RedefineClasses done


Dynamic libraries:
0x00007ff702ed0000 - 0x00007ff702f04000 	D:\Program Files\Java\JDK8\bin\javaw.exe
0x00007ffb31640000 - 0x00007ffb317e9000 	C:\Windows\SYSTEM32\ntdll.dll
0x00007ffb31500000 - 0x00007ffb3163a000 	C:\Windows\system32\KERNEL32.DLL
0x00007ffb2e9d0000 - 0x00007ffb2eadf000 	C:\Windows\system32\KERNELBASE.dll
0x00007ffb2ed60000 - 0x00007ffb2ee05000 	C:\Windows\system32\ADVAPI32.dll
0x00007ffb2fb20000 - 0x00007ffb2fc91000 	C:\Windows\system32\USER32.dll
0x00007ffb2c820000 - 0x00007ffb2ca7a000 	C:\Windows\WinSxS\amd64_microsoft.windows.common-controls_6595b64144ccf1df_6.0.9600.16384_none_62475f7becb72503\COMCTL32.dll
0x00007ffb2ebe0000 - 0x00007ffb2ec87000 	C:\Windows\system32\msvcrt.dll
0x00007ffb2f3e0000 - 0x00007ffb2f437000 	C:\Windows\SYSTEM32\sechost.dll
0x00007ffb2f580000 - 0x00007ffb2f6b6000 	C:\Windows\system32\RPCRT4.dll
0x00007ffb2f9d0000 - 0x00007ffb2fb15000 	C:\Windows\system32\GDI32.dll
0x00007ffb2ee10000 - 0x00007ffb2ee44000 	C:\Windows\system32\IMM32.DLL
0x00007ffb2f440000 - 0x00007ffb2f579000 	C:\Windows\system32\MSCTF.dll
0x00007ffb2e5a0000 - 0x00007ffb2e5d1000 	C:\Windows\system32\nvinitx.dll
0x000000000f000000 - 0x000000000f006000 	C:\Program Files\NVIDIA Corporation\CoProcManager\_etoured.dll
0x00007ffb2cf40000 - 0x00007ffb2cf72000 	C:\Program Files\NVIDIA Corporation\CoProcManager\nvd3d9wrapx.dll
0x00007ffb2f1a0000 - 0x00007ffb2f376000 	C:\Windows\system32\SETUPAPI.dll
0x00007ffb2e7a0000 - 0x00007ffb2e7ea000 	C:\Windows\system32\CFGMGR32.dll
0x00007ffb2cf10000 - 0x00007ffb2cf32000 	C:\Program Files\NVIDIA Corporation\CoProcManager\nvdxgiwrapx.dll
0x000000005b7c0000 - 0x000000005b892000 	D:\Program Files\Java\JDK8\bin\msvcr100.dll
0x000000005ba50000 - 0x000000005c2aa000 	D:\Program Files\Java\JDK8\bin\server\jvm.dll
0x00007ffb2c380000 - 0x00007ffb2c389000 	C:\Windows\SYSTEM32\WSOCK32.dll
0x00007ffb2e780000 - 0x00007ffb2e79f000 	C:\Windows\system32\WINMM.dll
0x00007ffb2ef60000 - 0x00007ffb2ef67000 	C:\Windows\system32\PSAPI.DLL
0x00007ffb2ee50000 - 0x00007ffb2eea8000 	C:\Windows\system32\WS2_32.dll
0x00007ffb2e6f0000 - 0x00007ffb2e71a000 	C:\Windows\system32\WINMMBASE.dll
0x00007ffb2eeb0000 - 0x00007ffb2eeb9000 	C:\Windows\system32\NSI.dll
0x00007ffb2e6a0000 - 0x00007ffb2e6c6000 	C:\Windows\system32\DEVOBJ.dll
0x000000005b960000 - 0x000000005b96f000 	D:\Program Files\Java\JDK8\bin\verify.dll
0x000000005b930000 - 0x000000005b958000 	D:\Program Files\Java\JDK8\bin\java.dll
0x000000005b780000 - 0x000000005b7b5000 	D:\Program Files\Java\JDK8\bin\jdwp.dll
0x000000005b770000 - 0x000000005b778000 	D:\Program Files\Java\JDK8\bin\npt.dll
0x000000005b910000 - 0x000000005b926000 	D:\Program Files\Java\JDK8\bin\zip.dll
0x00007ffb2fca0000 - 0x00007ffb310ae000 	C:\Windows\system32\SHELL32.dll
0x00007ffb310b0000 - 0x00007ffb31287000 	C:\Windows\SYSTEM32\combase.dll
0x00007ffb2f380000 - 0x00007ffb2f3d1000 	C:\Windows\system32\SHLWAPI.dll
0x00007ffb2d220000 - 0x00007ffb2d2c1000 	C:\Windows\SYSTEM32\SHCORE.dll
0x00007ffb2e5f0000 - 0x00007ffb2e604000 	C:\Windows\SYSTEM32\profapi.dll
0x000000005b760000 - 0x000000005b769000 	D:\Program Files\Java\JDK8\bin\dt_socket.dll
0x00007ffb215d0000 - 0x00007ffb215e4000 	C:\Windows\system32\napinsp.dll
0x00007ffb215f0000 - 0x00007ffb21609000 	C:\Windows\system32\pnrpnsp.dll
0x00007ffb292c0000 - 0x00007ffb292d9000 	C:\Windows\system32\NLAapi.dll
0x00007ffb2dec0000 - 0x00007ffb2df18000 	C:\Windows\System32\mswsock.dll
0x00007ffb2dc70000 - 0x00007ffb2dd13000 	C:\Windows\SYSTEM32\DNSAPI.dll
0x00007ffb21610000 - 0x00007ffb2161c000 	C:\Windows\System32\winrnr.dll
0x00007ffb21620000 - 0x00007ffb21633000 	C:\Windows\system32\wshbth.dll
0x00007ffb26a40000 - 0x00007ffb26aa7000 	C:\Windows\System32\fwpuclnt.dll
0x00007ffb251c0000 - 0x00007ffb251c9000 	C:\Windows\System32\rasadhlp.dll
0x000000005b5c0000 - 0x000000005b758000 	D:\Program Files\Java\JDK8\bin\awt.dll
0x00007ffb31290000 - 0x00007ffb31347000 	C:\Windows\system32\OLEAUT32.dll
0x00007ffb2d190000 - 0x00007ffb2d21b000 	C:\Windows\system32\apphelp.dll
0x00007ffb2d330000 - 0x00007ffb2d452000 	C:\Windows\system32\uxtheme.dll
0x00007ffb2ca80000 - 0x00007ffb2caa1000 	C:\Windows\system32\dwmapi.dll
0x00007ffb2f7c0000 - 0x00007ffb2f935000 	C:\Windows\system32\ole32.dll
0x00007ffb2d4d0000 - 0x00007ffb2d4da000 	C:\Windows\SYSTEM32\kernel.appcore.dll
0x00007ffb2e4d0000 - 0x00007ffb2e4da000 	C:\Windows\SYSTEM32\CRYPTBASE.dll
0x00007ffb2e470000 - 0x00007ffb2e4ce000 	C:\Windows\SYSTEM32\bcryptPrimitives.dll
0x00007ffb2df20000 - 0x00007ffb2df3e000 	C:\Windows\SYSTEM32\CRYPTSP.dll
0x00007ffb2db00000 - 0x00007ffb2db35000 	C:\Windows\system32\rsaenh.dll
0x00007ffb2e150000 - 0x00007ffb2e176000 	C:\Windows\SYSTEM32\bcrypt.dll
0x00007ffb2dc10000 - 0x00007ffb2dc2f000 	C:\Windows\SYSTEM32\USERENV.dll
0x000000005b8f0000 - 0x000000005b90a000 	D:\Program Files\Java\JDK8\bin\net.dll
0x00007ffb27830000 - 0x00007ffb27859000 	C:\Windows\SYSTEM32\IPHLPAPI.DLL
0x00007ffb27820000 - 0x00007ffb2782a000 	C:\Windows\SYSTEM32\WINNSI.DLL
0x00007ffb26d40000 - 0x00007ffb26d54000 	C:\Windows\SYSTEM32\dhcpcsvc6.DLL
0x00007ffb26d20000 - 0x00007ffb26d39000 	C:\Windows\SYSTEM32\dhcpcsvc.DLL
0x000000005b8d0000 - 0x000000005b8e1000 	D:\Program Files\Java\JDK8\bin\nio.dll
0x000000005b580000 - 0x000000005b5b1000 	D:\Program Files\Java\JDK8\bin\jpeg.dll
0x00007ffb12230000 - 0x00007ffb1243a000 	C:\Windows\system32\d3d9.dll
0x00007ffb2bbe0000 - 0x00007ffb2bbea000 	C:\Windows\SYSTEM32\VERSION.dll
0x00007ffb2c720000 - 0x00007ffb2c81b000 	C:\Windows\SYSTEM32\nvumdshimx.dll
0x00007ffb10fa0000 - 0x00007ffb1222b000 	C:\Windows\system32\igdumdim64.dll
0x00007ffb2ac40000 - 0x00007ffb2b08b000 	C:\Windows\SYSTEM32\igdusc64.dll
0x000000005b530000 - 0x000000005b577000 	D:\Program Files\Java\JDK8\bin\fontmanager.dll
0x000000005b500000 - 0x000000005b52a000 	D:\Program Files\Java\JDK8\bin\dcpr.dll
0x000000005b4b0000 - 0x000000005b4f1000 	D:\Program Files\Java\JDK8\bin\t2k.dll
0x00007ffb2ecb0000 - 0x00007ffb2ed54000 	C:\Windows\SYSTEM32\clbcatq.dll
0x00007ffb1e9a0000 - 0x00007ffb1e9fc000 	C:\Windows\system32\IME\QQPinyinTSF\QQPinyinTSF.dll
0x00007ffb2d2d0000 - 0x00007ffb2d2e1000 	C:\Windows\SYSTEM32\WTSAPI32.dll
0x00007ffb2de60000 - 0x00007ffb2deb7000 	C:\Windows\SYSTEM32\WINSTA.dll
0x00007ffb1acb0000 - 0x00007ffb1b063000 	C:\Windows\system32\IME\QQPinyinTSF\QQPinyin.ime
0x00007ffb2cf00000 - 0x00007ffb2cf07000 	C:\Windows\SYSTEM32\MSIMG32.dll
0x00007ffb292e0000 - 0x00007ffb292f5000 	C:\Windows\SYSTEM32\NETAPI32.dll
0x00007ffb2d8b0000 - 0x00007ffb2d8bc000 	C:\Windows\SYSTEM32\netutils.dll
0x00007ffb2e270000 - 0x00007ffb2e295000 	C:\Windows\SYSTEM32\srvcli.dll
0x00007ffb29080000 - 0x00007ffb29096000 	C:\Windows\SYSTEM32\wkscli.dll
0x00007ffb2bee0000 - 0x00007ffb2c073000 	C:\Windows\SYSTEM32\WindowsCodecs.dll
0x00007ffb29110000 - 0x00007ffb29274000 	C:\Windows\system32\propsys.dll
0x00007ffb27390000 - 0x00007ffb273c0000 	C:\Windows\SYSTEM32\ntmarta.dll
0x00007ffb2c5c0000 - 0x00007ffb2c5e5000 	C:\Windows\system32\mssprxy.dll
0x00007ffb1b6a0000 - 0x00007ffb1b752000 	C:\Windows\system32\ntshrui.dll
0x00007ffb2e440000 - 0x00007ffb2e46b000 	C:\Windows\system32\SspiCli.dll
0x00007ffb21020000 - 0x00007ffb21030000 	C:\Windows\SYSTEM32\cscapi.dll
0x00007ffb1f580000 - 0x00007ffb1f708000 	C:\Windows\SYSTEM32\dbghelp.dll

VM Arguments:
jvm_args: -agentlib:jdwp=transport=dt_socket,suspend=y,address=localhost:4998 -Dfile.encoding=utf-8 
java_command: flashGetter.view.MainFrame
java_class_path (initial): D:\Work\WorkSpace\flashGetter\target\classes;D:\Program Files\Java\apache-maven-3.2.5\com\turn\ttorrent\1.4\ttorrent-1.4.jar;D:\Program Files\Java\apache-maven-3.2.5\commons-codec\commons-codec\1.8\commons-codec-1.8.jar;D:\Program Files\Java\apache-maven-3.2.5\commons-io\commons-io\2.4\commons-io-2.4.jar;D:\Program Files\Java\apache-maven-3.2.5\org\simpleframework\simple\4.1.21\simple-4.1.21.jar;D:\Program Files\Java\apache-maven-3.2.5\org\slf4j\slf4j-log4j12\1.6.4\slf4j-log4j12-1.6.4.jar;D:\Program Files\Java\apache-maven-3.2.5\org\slf4j\slf4j-api\1.6.4\slf4j-api-1.6.4.jar;D:\Program Files\Java\apache-maven-3.2.5\net\sf\jargs\1.0\jargs-1.0.jar;D:\Program Files\Java\apache-maven-3.2.5\log4j\log4j\1.2.17\log4j-1.2.17.jar;D:\Program Files\Java\apache-maven-3.2.5\com\github\insubstantial\substance\7.3\substance-7.3.jar;D:\Program Files\Java\apache-maven-3.2.5\com\github\insubstantial\trident\7.3\trident-7.3-swing.jar;D:\Program Files\Java\apache-maven-3.2.5\com\github\insubstantial\laf-plugin\7.3\laf-plugin-7.3.jar;D:\Program Files\Java\apache-maven-3.2.5\com\github\insubstantial\laf-widget\7.3\laf-widget-7.3.jar;D:\Program Files\Java\apache-maven-3.2.5\org\apache\commons\commons-lang3\3.3.2\commons-lang3-3.3.2.jar
Launcher Type: SUN_STANDARD

Environment Variables:
JAVA_HOME=D:\Program Files\Java\JDK8
CLASSPATH=.;D:\Program Files\Java\JDK8\lib\dt.jar;D:\Program Files\Java\JDK8\lib\tools.jar 
PATH=D:/Program Files/Java/JDK8/bin/server;D:/Program Files/Java/JDK8/bin;D:/Program Files/Java/JDK8/lib/amd64;C:\Program Files (x86)\NVIDIA Corporation\PhysX\Common;C:\Program Files (x86)\Intel\iCLS Client\;C:\Program Files\Intel\iCLS Client\;C:\Windows\system32;C:\Windows;C:\Windows\System32\Wbem;C:\Windows\System32\WindowsPowerShell\v1.0\;C:\Program Files\Intel\Intel(R) Management Engine Components\DAL;C:\Program Files (x86)\Intel\Intel(R) Management Engine Components\DAL;C:\Program Files\Intel\Intel(R) Management Engine Components\IPT;C:\Program Files (x86)\Intel\Intel(R) Management Engine Components\IPT;D:\Program Files\Java\apache-maven-3.2.5\bin;D:\Program Files\Java\JDK8\bin; D:\Program Files\Java\JDK8\jre\bin;D:\Program Files\Java\Eclipse\eclipse;
USERNAME=decaywood
OS=Windows_NT
PROCESSOR_IDENTIFIER=Intel64 Family 6 Model 69 Stepping 1, GenuineIntel



---------------  S Y S T E M  ---------------

OS: Windows 8.1 , 64 bit Build 9600 

CPU:total 4 (2 cores per cpu, 2 threads per core) family 6 model 69 stepping 1, cmov, cx8, fxsr, mmx, sse, sse2, sse3, ssse3, sse4.1, sse4.2, popcnt, avx, avx2, aes, clmul, erms, lzcnt, ht, tsc, tscinvbit, bmi1, bmi2

Memory: 4k page, physical 12295712k(8912564k free), swap 14196256k(9421056k free)

vm_info: Java HotSpot(TM) 64-Bit Server VM (25.25-b02) for windows-amd64 JRE (1.8.0_25-b18), built on Oct  7 2014 14:25:37 by "java_re" with MS VC++ 10.0 (VS2010)

time: Wed Feb 04 18:41:01 2015
elapsed time: 253 seconds (0d 0h 4m 13s)

